<?xml version="1.0" encoding="UTF-8"?>
<testsuite name="com.co.meli.identitymutant.IdentitymutantApplicationTests" tests="3" skipped="0" failures="0" errors="0" timestamp="2023-05-16T20:44:26" hostname="DEV107.local" time="0.349">
  <properties/>
  <testcase name="testValidateMutantPositive()" classname="com.co.meli.identitymutant.IdentitymutantApplicationTests" time="0.331"/>
  <testcase name="testValidateMutantNegative()" classname="com.co.meli.identitymutant.IdentitymutantApplicationTests" time="0.005"/>
  <testcase name="contextLoads()" classname="com.co.meli.identitymutant.IdentitymutantApplicationTests" time="0.005"/>
  <system-out><![CDATA[15:44:11.069 [Test worker] DEBUG org.springframework.test.context.BootstrapUtils - Instantiating CacheAwareContextLoaderDelegate from class [org.springframework.test.context.cache.DefaultCacheAwareContextLoaderDelegate]
15:44:11.098 [Test worker] DEBUG org.springframework.test.context.BootstrapUtils - Instantiating BootstrapContext using constructor [public org.springframework.test.context.support.DefaultBootstrapContext(java.lang.Class,org.springframework.test.context.CacheAwareContextLoaderDelegate)]
15:44:11.144 [Test worker] DEBUG org.springframework.test.context.BootstrapUtils - Instantiating TestContextBootstrapper for test class [com.co.meli.identitymutant.IdentitymutantApplicationTests] from class [org.springframework.boot.test.context.SpringBootTestContextBootstrapper]
15:44:11.215 [Test worker] INFO org.springframework.boot.test.context.SpringBootTestContextBootstrapper - Neither @ContextConfiguration nor @ContextHierarchy found for test class [com.co.meli.identitymutant.IdentitymutantApplicationTests], using SpringBootContextLoader
15:44:11.225 [Test worker] DEBUG org.springframework.test.context.support.AbstractContextLoader - Did not detect default resource location for test class [com.co.meli.identitymutant.IdentitymutantApplicationTests]: class path resource [com/co/meli/identitymutant/IdentitymutantApplicationTests-context.xml] does not exist
15:44:11.226 [Test worker] DEBUG org.springframework.test.context.support.AbstractContextLoader - Did not detect default resource location for test class [com.co.meli.identitymutant.IdentitymutantApplicationTests]: class path resource [com/co/meli/identitymutant/IdentitymutantApplicationTestsContext.groovy] does not exist
15:44:11.226 [Test worker] INFO org.springframework.test.context.support.AbstractContextLoader - Could not detect default resource locations for test class [com.co.meli.identitymutant.IdentitymutantApplicationTests]: no resource found for suffixes {-context.xml, Context.groovy}.
15:44:11.226 [Test worker] INFO org.springframework.test.context.support.AnnotationConfigContextLoaderUtils - Could not detect default configuration classes for test class [com.co.meli.identitymutant.IdentitymutantApplicationTests]: IdentitymutantApplicationTests does not declare any static, non-private, non-final, nested classes annotated with @Configuration.
15:44:11.316 [Test worker] DEBUG org.springframework.test.context.support.ActiveProfilesUtils - Could not find an 'annotation declaring class' for annotation type [org.springframework.test.context.ActiveProfiles] and class [com.co.meli.identitymutant.IdentitymutantApplicationTests]
15:44:11.569 [Test worker] DEBUG org.springframework.context.annotation.ClassPathScanningCandidateComponentProvider - Identified candidate component class: file [/Users/fabio.real/Documents/identitymutant/build/classes/java/main/com/co/meli/identitymutant/IdentitymutantApplication.class]
15:44:11.575 [Test worker] INFO org.springframework.boot.test.context.SpringBootTestContextBootstrapper - Found @SpringBootConfiguration com.co.meli.identitymutant.IdentitymutantApplication for test class com.co.meli.identitymutant.IdentitymutantApplicationTests
15:44:11.841 [Test worker] DEBUG org.springframework.boot.test.context.SpringBootTestContextBootstrapper - @TestExecutionListeners is not present for class [com.co.meli.identitymutant.IdentitymutantApplicationTests]: using defaults.
15:44:11.842 [Test worker] INFO org.springframework.boot.test.context.SpringBootTestContextBootstrapper - Loaded default TestExecutionListener class names from location [META-INF/spring.factories]: [org.springframework.boot.test.autoconfigure.restdocs.RestDocsTestExecutionListener, org.springframework.boot.test.autoconfigure.web.client.MockRestServiceServerResetTestExecutionListener, org.springframework.boot.test.autoconfigure.web.servlet.MockMvcPrintOnlyOnFailureTestExecutionListener, org.springframework.boot.test.autoconfigure.web.servlet.WebDriverTestExecutionListener, org.springframework.boot.test.autoconfigure.webservices.client.MockWebServiceServerTestExecutionListener, org.springframework.boot.test.mock.mockito.MockitoTestExecutionListener, org.springframework.boot.test.mock.mockito.ResetMocksTestExecutionListener, org.springframework.test.context.web.ServletTestExecutionListener, org.springframework.test.context.support.DirtiesContextBeforeModesTestExecutionListener, org.springframework.test.context.support.DependencyInjectionTestExecutionListener, org.springframework.test.context.support.DirtiesContextTestExecutionListener, org.springframework.test.context.transaction.TransactionalTestExecutionListener, org.springframework.test.context.jdbc.SqlScriptsTestExecutionListener, org.springframework.test.context.event.EventPublishingTestExecutionListener]
15:44:11.864 [Test worker] DEBUG org.springframework.boot.test.context.SpringBootTestContextBootstrapper - Skipping candidate TestExecutionListener [org.springframework.test.context.transaction.TransactionalTestExecutionListener] due to a missing dependency. Specify custom listener classes or make the default listener classes and their required dependencies available. Offending class: [org/springframework/transaction/interceptor/TransactionAttributeSource]
15:44:11.864 [Test worker] DEBUG org.springframework.boot.test.context.SpringBootTestContextBootstrapper - Skipping candidate TestExecutionListener [org.springframework.test.context.jdbc.SqlScriptsTestExecutionListener] due to a missing dependency. Specify custom listener classes or make the default listener classes and their required dependencies available. Offending class: [org/springframework/transaction/interceptor/TransactionAttribute]
15:44:11.864 [Test worker] INFO org.springframework.boot.test.context.SpringBootTestContextBootstrapper - Using TestExecutionListeners: [org.springframework.test.context.web.ServletTestExecutionListener@602e0143, org.springframework.test.context.support.DirtiesContextBeforeModesTestExecutionListener@2c07545f, org.springframework.boot.test.mock.mockito.MockitoTestExecutionListener@e57b96d, org.springframework.boot.test.autoconfigure.SpringBootDependencyInjectionTestExecutionListener@32c726ee, org.springframework.test.context.support.DirtiesContextTestExecutionListener@22f31dec, org.springframework.test.context.event.EventPublishingTestExecutionListener@34c01041, org.springframework.boot.test.autoconfigure.restdocs.RestDocsTestExecutionListener@76f4b65, org.springframework.boot.test.autoconfigure.web.client.MockRestServiceServerResetTestExecutionListener@c94fd30, org.springframework.boot.test.autoconfigure.web.servlet.MockMvcPrintOnlyOnFailureTestExecutionListener@36328d33, org.springframework.boot.test.autoconfigure.web.servlet.WebDriverTestExecutionListener@2c4d1ac, org.springframework.boot.test.autoconfigure.webservices.client.MockWebServiceServerTestExecutionListener@7f0d96f2, org.springframework.boot.test.mock.mockito.ResetMocksTestExecutionListener@545b995e]
15:44:11.876 [Test worker] DEBUG org.springframework.test.context.support.AbstractDirtiesContextTestExecutionListener - Before test class: context [DefaultTestContext@64a40280 testClass = IdentitymutantApplicationTests, testInstance = [null], testMethod = [null], testException = [null], mergedContextConfiguration = [WebMergedContextConfiguration@4b40f651 testClass = IdentitymutantApplicationTests, locations = '{}', classes = '{class com.co.meli.identitymutant.IdentitymutantApplication}', contextInitializerClasses = '[]', activeProfiles = '{}', propertySourceLocations = '{}', propertySourceProperties = '{org.springframework.boot.test.context.SpringBootTestContextBootstrapper=true}', contextCustomizers = set[org.springframework.boot.test.autoconfigure.properties.PropertyMappingContextCustomizer@0, org.springframework.boot.test.autoconfigure.web.servlet.WebDriverContextCustomizerFactory$Customizer@533bda92, org.springframework.boot.test.context.filter.ExcludeFilterContextCustomizer@4c163e3, org.springframework.boot.test.json.DuplicateJsonObjectContextCustomizerFactory$DuplicateJsonObjectContextCustomizer@c430e6c, org.springframework.boot.test.mock.mockito.MockitoContextCustomizer@0, org.springframework.boot.test.web.client.TestRestTemplateContextCustomizer@7bd7d6d6, org.springframework.boot.test.context.SpringBootTestArgs@1, org.springframework.boot.test.context.SpringBootTestWebEnvironment@635eaaf1], resourceBasePath = 'src/main/webapp', contextLoader = 'org.springframework.boot.test.context.SpringBootContextLoader', parent = [null]], attributes = map['org.springframework.test.context.web.ServletTestExecutionListener.activateListener' -> true]], class annotated with @DirtiesContext [false] with mode [null].
15:44:11.938 [Test worker] DEBUG org.springframework.test.context.support.TestPropertySourceUtils - Adding inlined properties to environment: {spring.jmx.enabled=false, org.springframework.boot.test.context.SpringBootTestContextBootstrapper=true}

  .   ____          _            __ _ _
 /\\ / ___'_ __ _ _(_)_ __  __ _ \ \ \ \
( ( )\___ | '_ | '_| | '_ \/ _` | \ \ \ \
 \\/  ___)| |_)| | | | | || (_| |  ) ) ) )
  '  |____| .__|_| |_|_| |_\__, | / / / /
 =========|_|==============|___/=/_/_/_/
 :: Spring Boot ::        (v2.3.6.RELEASE)

2023-05-16 15:44:12.413  INFO 98840 --- [    Test worker] c.c.m.i.IdentitymutantApplicationTests   : Starting IdentitymutantApplicationTests on DEV107.local with PID 98840 (started by fabio.real in /Users/fabio.real/Documents/identitymutant)
2023-05-16 15:44:12.419  INFO 98840 --- [    Test worker] c.c.m.i.IdentitymutantApplicationTests   : No active profile set, falling back to default profiles: default
2023-05-16 15:44:19.427  INFO 98840 --- [    Test worker] o.s.b.a.e.web.EndpointLinksResolver      : Exposing 14 endpoint(s) beneath base path '/actuator'
2023-05-16 15:44:23.669  INFO 98840 --- [    Test worker] o.s.s.concurrent.ThreadPoolTaskExecutor  : Initializing ExecutorService 'applicationTaskExecutor'
2023-05-16 15:44:26.359  INFO 98840 --- [    Test worker] c.c.m.i.IdentitymutantApplicationTests   : Started IdentitymutantApplicationTests in 14.382 seconds (JVM running for 21.632)
]]></system-out>
  <system-err><![CDATA[]]></system-err>
</testsuite>
